<?xml version="1.0" encoding="UTF-8"?>
<!-- Generated by org.testng.reporters.JUnitReportReporter -->
<testsuite skipped="0" hostname="TDG-MBL-GDL623" name="seleniumcourse.RestAPITest" tests="2" failures="0" timestamp="15 Mar 2019 20:14:08 GMT" time="0.000" errors="0">
  <testcase name="DeleteTwitter" time="0.000" classname="seleniumcourse.RestAPITest"/>
  <testcase name="PostJira" time="0.000" classname="seleniumcourse.RestAPITest"/>
</testsuite> <!-- seleniumcourse.RestAPITest -->
