<?xml version="1.0" encoding="UTF-8"?>
<!-- Generated by org.testng.reporters.JUnitReportReporter -->
<testsuite skipped="0" hostname="TDG-MBL-GDL623" name="seleniumcourse.SeleniumTest" tests="2" failures="0" timestamp="15 Mar 2019 20:18:00 GMT" time="0.006" errors="0">
  <testcase name="elementsUI" time="0.000" classname="seleniumcourse.SeleniumTest"/>
  <testcase name="BrowserAutomation" time="0.006" classname="seleniumcourse.SeleniumTest"/>
</testsuite> <!-- seleniumcourse.SeleniumTest -->
