<?xml version="1.0" encoding="UTF-8"?>
<!-- Generated by org.testng.reporters.JUnitReportReporter -->
<testsuite skipped="0" hostname="TDG-MBL-GDL623" name="seleniumcourse.AppiumTest" tests="2" failures="0" timestamp="15 Mar 2019 20:14:08 GMT" time="0.010" errors="0">
  <testcase name="NativeAppAndroid" time="0.002" classname="seleniumcourse.AppiumTest"/>
  <testcase name="IOSApps" time="0.008" classname="seleniumcourse.AppiumTest"/>
</testsuite> <!-- seleniumcourse.AppiumTest -->
