<?xml version="1.0" encoding="UTF-8"?>
<!-- Generated by org.testng.reporters.JUnitReportReporter -->
<testsuite skipped="0" hostname="TDG-MBL-GDL623" name="seleniumcourse.SeleniumTest" tests="1" failures="0" timestamp="14 Mar 2019 21:23:19 GMT" time="0.000" errors="0">
  <testcase name="elementsUI" time="0.000" classname="seleniumcourse.SeleniumTest"/>
</testsuite> <!-- seleniumcourse.SeleniumTest -->
